<?xml version="1.0" encoding="UTF-8" ?>
<testsuite tests="5" failures="5" name="test.TestHotelManager" time="0.111" errors="0" skipped="0">
  <properties>
[...]
</properties>
  <testcase classname="test.TestHotelManager" name="test.TestHotelManager.testFindAvailableRooms" time="0.101">
    <failure message="org/junit/Assert" type="java.lang.NoClassDefFoundError">java.lang.NoClassDefFoundError: org/junit/Assert
	at test.TestHotelManager.testFindAvailableRooms(TestHotelManager.java:76)
Caused by: java.lang.ClassNotFoundException: org.junit.Assert
	at java.net.URLClassLoader.findClass(URLClassLoader.java:387)
	at java.lang.ClassLoader.loadClass(ClassLoader.java:418)
	at sun.misc.Launcher$AppClassLoader.loadClass(Launcher.java:355)
	at java.lang.ClassLoader.loadClass(ClassLoader.java:351)
	... 19 more
</failure>
    <system-out>stored booking name: John, booking room: 101, booking date: Wed Mar 02 00:00:00 CST 2022 successfully!
stored booking name: John, booking room: 201, booking date: Thu Mar 03 00:00:00 CST 2022 successfully!
stored booking name: Kevin, booking room: 301, booking date: Thu Mar 03 00:00:00 CST 2022 successfully!
</system-out>
  </testcase>
  <testcase classname="test.TestHotelManager" name="test.TestHotelManager.testFindBookingsForGuest" time="0.001">
    <failure message="org/junit/Assert" type="java.lang.NoClassDefFoundError">java.lang.NoClassDefFoundError: org/junit/Assert
	at test.TestHotelManager.testFindBookingsForGuest(TestHotelManager.java:96)
</failure>
    <system-out>this room has been booked!
this room has been booked!
this room has been booked!
</system-out>
  </testcase>
  <testcase classname="test.TestHotelManager" name="test.TestHotelManager.testResetHotelInfo" time="0">
    <failure message="org/junit/Assert" type="java.lang.NoClassDefFoundError">java.lang.NoClassDefFoundError: org/junit/Assert
	at test.TestHotelManager.testResetHotelInfo(TestHotelManager.java:111)
</failure>
  </testcase>
  <testcase classname="test.TestHotelManager" name="test.TestHotelManager.testAddRoom" time="0.003">
    <failure message="org/junit/Assert" type="java.lang.NoClassDefFoundError">java.lang.NoClassDefFoundError: org/junit/Assert
	at test.TestHotelManager.testAddRoom(TestHotelManager.java:33)
</failure>
  </testcase>
  <testcase classname="test.TestHotelManager" name="test.TestHotelManager.testStoreBooking" time="0.006">
    <failure message="org/junit/Assert" type="java.lang.NoClassDefFoundError">java.lang.NoClassDefFoundError: org/junit/Assert
	at test.TestHotelManager.testStoreBooking(TestHotelManager.java:56)
</failure>
    <system-out>stored booking name: John, booking room: 101, booking date: Wed Mar 02 00:00:00 CST 2022 successfully!
stored booking name: John, booking room: 201, booking date: Thu Mar 03 00:00:00 CST 2022 successfully!
stored booking name: Kevin, booking room: 301, booking date: Thu Mar 03 00:00:00 CST 2022 successfully!
</system-out>
  </testcase>
</testsuite>