<?xml version="1.0" encoding="UTF-8" ?>
<testsuite tests="4" failures="4" name="test.TestHotelManager" time="0.023" errors="0" skipped="0">
  <properties>
[...]
</properties>
  <testcase classname="test.TestHotelManager" name="test.TestHotelManager.testFindBookingsForGuest" time="0.017">
    <failure message="org/junit/Assert" type="java.lang.NoClassDefFoundError">java.lang.NoClassDefFoundError: org/junit/Assert
	at test.TestHotelManager.testFindBookingsForGuest(TestHotelManager.java:95)
Caused by: java.lang.ClassNotFoundException: org.junit.Assert
	at java.base/jdk.internal.loader.BuiltinClassLoader.loadClass(BuiltinClassLoader.java:602)
	at java.base/jdk.internal.loader.ClassLoaders$AppClassLoader.loadClass(ClassLoaders.java:178)
	at java.base/java.lang.ClassLoader.loadClass(ClassLoader.java:521)
	... 19 more
</failure>
    <system-out>stored booking name: John, booking room: 101, booking date: Wed Mar 02 00:00:00 CST 2022 successfully!
stored booking name: John, booking room: 201, booking date: Thu Mar 03 00:00:00 CST 2022 successfully!
all rooms have been booked!
</system-out>
  </testcase>
  <testcase classname="test.TestHotelManager" name="test.TestHotelManager.testFindAvailableRooms" time="0.001">
    <failure message="org/junit/Assert" type="java.lang.NoClassDefFoundError">java.lang.NoClassDefFoundError: org/junit/Assert
	at test.TestHotelManager.testFindAvailableRooms(TestHotelManager.java:75)
</failure>
    <system-out>this room has been booked!
this room has been booked!
all rooms have been booked!
</system-out>
  </testcase>
  <testcase classname="test.TestHotelManager" name="test.TestHotelManager.testAddRoom" time="0">
    <failure message="org/junit/Assert" type="java.lang.NoClassDefFoundError">java.lang.NoClassDefFoundError: org/junit/Assert
	at test.TestHotelManager.testAddRoom(TestHotelManager.java:32)
</failure>
  </testcase>
  <testcase classname="test.TestHotelManager" name="test.TestHotelManager.testStoreBooking" time="0.005">
    <failure message="org/junit/Assert" type="java.lang.NoClassDefFoundError">java.lang.NoClassDefFoundError: org/junit/Assert
	at test.TestHotelManager.testStoreBooking(TestHotelManager.java:55)
</failure>
    <system-out>this room has been booked!
this room has been booked!
stored booking name: Kevin, booking room: 301, booking date: Thu Mar 03 00:00:00 CST 2022 successfully!
</system-out>
  </testcase>
</testsuite>